
Found perl:
   /Users/pfb17/miniconda3/bin/perl
   This is perl 5, version 34, subversion 0 (v5.34.0) built for darwin-thread-multi-2level

Found java:
   /Users/pfb17/miniconda3/bin/java
   openjdk version "11.0.13" 2021-10-19

Found canu:
   /Users/pfb17/PFB_problemsets/canu-2.2/bin/canu
   canu 2.2

Running job 1 based on command line options.

Attempting to increase maximum allowed processes and open files.
  Changed max processes per user from 1392 to 1392 (max 2088).
./scripts/2-sort.sh: line 78: [: unlimited: integer expression expected
  Max open files limited to 256, no increase possible.


Finding overlaps.
  found     167239 overlaps in './ecoli-60.ovlStore.BUILDING/bucket0001/sliceSizes'.

Loading     167239 overlaps using 0.00 GB of allowed (-M) 1 GB memory.
  loading     167239 overlaps from './ecoli-60.ovlStore.BUILDING/bucket0001/slice0001'.

Sorting.

Writing sorted overlaps.
  created './ecoli-60.ovlStore.BUILDING/0001' with 167239 overlaps for reads 1 to 7385.

Removing bucketized overlaps.

Success!
