
Found perl:
   /Users/pfb17/miniconda3/bin/perl
   This is perl 5, version 34, subversion 0 (v5.34.0) built for darwin-thread-multi-2level

Found java:
   /Users/pfb17/miniconda3/bin/java
   openjdk version "11.0.13" 2021-10-19

Found canu:
   /Users/pfb17/PFB_problemsets/canu-2.2/bin/canu
   canu 2.2


Creating library 'ecoli_filtered_0.60' for PacBio raw reads.

               reads               bases
---------- --------- ------ ------------ ------
Loaded          7534  95.7%     69627333  99.7%  /Users/pfb17/PFB_problemsets/ecoli_filtered_0.60.fastq
Short            341   4.3%       195679   0.3%
Warnings           1


All reads processed.

               reads               bases
---------- --------- ------ ------------ ------
Loaded          7534  95.7%     69627333  99.7%
Short            341   4.3%       195679   0.3%
Warnings           1


Bye.
